# JRE version: OpenJDK Runtime Environment (11.0.10) (build 11.0.10+0-b96-7249189)
# Java VM: OpenJDK 64-Bit Server VM (11.0.10+0-b96-7249189, mixed mode, tiered, compressed oops, g1 gc, windows-amd64)
Heap:
 garbage-first heap   total 422912K, used 176510K [0x0000000080000000, 0x0000000100000000)
  region size 1024K, 2 young (2048K), 2 survivors (2048K)
 Metaspace       used 109133K, capacity 111808K, committed 112204K, reserved 1146880K
  class space    used 13751K, capacity 14804K, committed 14924K, reserved 1048576K
GC Heap History (20 events):
Event: 26.722 GC heap after
{Heap after GC invocations=23 (full 0):
 garbage-first heap   total 284672K, used 114202K [0x0000000080000000, 0x0000000100000000)
  region size 1024K, 2 young (2048K), 2 survivors (2048K)
 Metaspace       used 95352K, capacity 97472K, committed 97740K, reserved 1134592K
  class space    used 11909K, capacity 12705K, committed 12748K, reserved 1048576K
}
Event: 27.464 GC heap before
{Heap before GC invocations=23 (full 0):
 garbage-first heap   total 284672K, used 231962K [0x0000000080000000, 0x0000000100000000)
  region size 1024K, 117 young (119808K), 2 survivors (2048K)
 Metaspace       used 95426K, capacity 97551K, committed 97740K, reserved 1134592K
  class space    used 11915K, capacity 12709K, committed 12748K, reserved 1048576K
}
Event: 27.470 GC heap after
{Heap after GC invocations=24 (full 0):
 garbage-first heap   total 284672K, used 114535K [0x0000000080000000, 0x0000000100000000)
  region size 1024K, 3 young (3072K), 3 survivors (3072K)
 Metaspace       used 95426K, capacity 97551K, committed 97740K, reserved 1134592K
  class space    used 11915K, capacity 12709K, committed 12748K, reserved 1048576K
}
Event: 29.138 GC heap before
{Heap before GC invocations=24 (full 0):
 garbage-first heap   total 284672K, used 234343K [0x0000000080000000, 0x0000000100000000)
  region size 1024K, 119 young (121856K), 3 survivors (3072K)
 Metaspace       used 99591K, capacity 101822K, committed 101964K, reserved 1138688K
  class space    used 12475K, capacity 13345K, committed 13388K, reserved 1048576K
}
Event: 29.171 GC heap after
{Heap after GC invocations=25 (full 0):
 garbage-first heap   total 284672K, used 138736K [0x0000000080000000, 0x0000000100000000)
  region size 1024K, 15 young (15360K), 15 survivors (15360K)
 Metaspace       used 99591K, capacity 101822K, committed 101964K, reserved 1138688K
  class space    used 12475K, capacity 13345K, committed 13388K, reserved 1048576K
}
Event: 30.093 GC heap before
{Heap before GC invocations=25 (full 0):
 garbage-first heap   total 284672K, used 228848K [0x0000000080000000, 0x0000000100000000)
  region size 1024K, 104 young (106496K), 15 survivors (15360K)
 Metaspace       used 104430K, capacity 106879K, committed 106956K, reserved 1142784K
  class space    used 13254K, capacity 14248K, committed 14284K, reserved 1048576K
}
Event: 30.145 GC heap after
{Heap after GC invocations=26 (full 0):
 garbage-first heap   total 284672K, used 151498K [0x0000000080000000, 0x0000000100000000)
  region size 1024K, 13 young (13312K), 13 survivors (13312K)
 Metaspace       used 104430K, capacity 106879K, committed 106956K, reserved 1142784K
  class space    used 13254K, capacity 14248K, committed 14284K, reserved 1048576K
}
Event: 31.037 GC heap before
{Heap before GC invocations=26 (full 0):
 garbage-first heap   total 284672K, used 229322K [0x0000000080000000, 0x0000000100000000)
  region size 1024K, 89 young (91136K), 13 survivors (13312K)
 Metaspace       used 106241K, capacity 108773K, committed 109004K, reserved 1144832K
  class space    used 13451K, capacity 14459K, committed 14540K, reserved 1048576K
}
Event: 31.112 GC heap after
{Heap after GC invocations=27 (full 0):
 garbage-first heap   total 342016K, used 161792K [0x0000000080000000, 0x0000000100000000)
  region size 1024K, 10 young (10240K), 10 survivors (10240K)
 Metaspace       used 106241K, capacity 108773K, committed 109004K, reserved 1144832K
  class space    used 13451K, capacity 14459K, committed 14540K, reserved 1048576K
}
Event: 32.863 GC heap before
{Heap before GC invocations=28 (full 0):
 garbage-first heap   total 342016K, used 239616K [0x0000000080000000, 0x0000000100000000)
  region size 1024K, 102 young (104448K), 10 survivors (10240K)
 Metaspace       used 108265K, capacity 110927K, committed 111052K, reserved 1144832K
  class space    used 13712K, capacity 14764K, committed 14796K, reserved 1048576K
}
Event: 32.893 GC heap after
{Heap after GC invocations=29 (full 0):
 garbage-first heap   total 342016K, used 149994K [0x0000000080000000, 0x0000000100000000)
  region size 1024K, 4 young (4096K), 4 survivors (4096K)
 Metaspace       used 108265K, capacity 110927K, committed 111052K, reserved 1144832K
  class space    used 13712K, capacity 14764K, committed 14796K, reserved 1048576K
}
Event: 33.742 GC heap before
{Heap before GC invocations=29 (full 0):
 garbage-first heap   total 342016K, used 252394K [0x0000000080000000, 0x0000000100000000)
  region size 1024K, 105 young (107520K), 4 survivors (4096K)
 Metaspace       used 108838K, capacity 111503K, committed 111692K, reserved 1146880K
  class space    used 13735K, capacity 14817K, committed 14924K, reserved 1048576K
}
Event: 33.761 GC heap after
{Heap after GC invocations=30 (full 0):
 garbage-first heap   total 342016K, used 158053K [0x0000000080000000, 0x0000000100000000)
  region size 1024K, 12 young (12288K), 12 survivors (12288K)
 Metaspace       used 108838K, capacity 111503K, committed 111692K, reserved 1146880K
  class space    used 13735K, capacity 14817K, committed 14924K, reserved 1048576K
}
Event: 34.253 GC heap before
{Heap before GC invocations=30 (full 0):
 garbage-first heap   total 342016K, used 260453K [0x0000000080000000, 0x0000000100000000)
  region size 1024K, 112 young (114688K), 12 survivors (12288K)
 Metaspace       used 108962K, capacity 111641K, committed 111948K, reserved 1146880K
  class space    used 13740K, capacity 14817K, committed 14924K, reserved 1048576K
}
Event: 34.298 GC heap after
{Heap after GC invocations=31 (full 0):
 garbage-first heap   total 342016K, used 171995K [0x0000000080000000, 0x0000000100000000)
  region size 1024K, 14 young (14336K), 14 survivors (14336K)
 Metaspace       used 108962K, capacity 111641K, committed 111948K, reserved 1146880K
  class space    used 13740K, capacity 14817K, committed 14924K, reserved 1048576K
}
Event: 34.790 GC heap before
{Heap before GC invocations=31 (full 0):
 garbage-first heap   total 342016K, used 267227K [0x0000000080000000, 0x0000000100000000)
  region size 1024K, 107 young (109568K), 14 survivors (14336K)
 Metaspace       used 109025K, capacity 111732K, committed 111948K, reserved 1146880K
  class space    used 13746K, capacity 14825K, committed 14924K, reserved 1048576K
}
Event: 34.850 GC heap after
{Heap after GC invocations=32 (full 0):
 garbage-first heap   total 342016K, used 183230K [0x0000000080000000, 0x0000000100000000)
  region size 1024K, 13 young (13312K), 13 survivors (13312K)
 Metaspace       used 109025K, capacity 111732K, committed 111948K, reserved 1146880K
  class space    used 13746K, capacity 14825K, committed 14924K, reserved 1048576K
}
Event: 35.911 GC heap before
{Heap before GC invocations=33 (full 0):
 garbage-first heap   total 342016K, used 272318K [0x0000000080000000, 0x0000000100000000)
  region size 1024K, 100 young (102400K), 13 survivors (13312K)
 Metaspace       used 109113K, capacity 111808K, committed 112204K, reserved 1146880K
  class space    used 13751K, capacity 14804K, committed 14924K, reserved 1048576K
}
Event: 35.943 GC heap after
{Heap after GC invocations=34 (full 0):
 garbage-first heap   total 342016K, used 187904K [0x0000000080000000, 0x0000000100000000)
  region size 1024K, 7 young (7168K), 7 survivors (7168K)
 Metaspace       used 109113K, capacity 111808K, committed 112204K, reserved 1146880K
  class space    used 13751K, capacity 14804K, committed 14924K, reserved 1048576K
}
Event: 36.007 GC heap before
{Heap before GC invocations=34 (full 0):
 garbage-first heap   total 342016K, used 196096K [0x0000000080000000, 0x0000000100000000)
  region size 1024K, 16 young (16384K), 7 survivors (7168K)
 Metaspace       used 109133K, capacity 111808K, committed 112204K, reserved 1146880K
  class space    used 13751K, capacity 14804K, committed 14924K, reserved 1048576K
}

