# JRE version: OpenJDK Runtime Environment (11.0.10) (build 11.0.10+0-b96-7249189)
# Java VM: OpenJDK 64-Bit Server VM (11.0.10+0-b96-7249189, mixed mode, tiered, compressed oops, g1 gc, windows-amd64)
Heap:
 garbage-first heap   total 569344K, used 185344K [0x0000000080000000, 0x0000000100000000)
  region size 1024K, 2 young (2048K), 2 survivors (2048K)
 Metaspace       used 135324K, capacity 139245K, committed 139544K, reserved 1171456K
  class space    used 16896K, capacity 18330K, committed 18456K, reserved 1048576K
GC Heap History (20 events):
Event: 1030.026 GC heap after
{Heap after GC invocations=63 (full 0):
 garbage-first heap   total 236544K, used 185942K [0x0000000080000000, 0x0000000100000000)
  region size 1024K, 4 young (4096K), 4 survivors (4096K)
 Metaspace       used 134957K, capacity 138850K, committed 139032K, reserved 1169408K
  class space    used 16910K, capacity 18344K, committed 18456K, reserved 1048576K
}
Event: 1030.156 GC heap before
{Heap before GC invocations=63 (full 0):
 garbage-first heap   total 236544K, used 204374K [0x0000000080000000, 0x0000000100000000)
  region size 1024K, 23 young (23552K), 4 survivors (4096K)
 Metaspace       used 135020K, capacity 138862K, committed 139032K, reserved 1169408K
  class space    used 16919K, capacity 18348K, committed 18456K, reserved 1048576K
}
Event: 1030.164 GC heap after
{Heap after GC invocations=64 (full 0):
 garbage-first heap   total 236544K, used 188978K [0x0000000080000000, 0x0000000100000000)
  region size 1024K, 3 young (3072K), 3 survivors (3072K)
 Metaspace       used 135020K, capacity 138862K, committed 139032K, reserved 1169408K
  class space    used 16919K, capacity 18348K, committed 18456K, reserved 1048576K
}
Event: 1030.259 GC heap before
{Heap before GC invocations=64 (full 0):
 garbage-first heap   total 236544K, used 204338K [0x0000000080000000, 0x0000000100000000)
  region size 1024K, 19 young (19456K), 3 survivors (3072K)
 Metaspace       used 135043K, capacity 138928K, committed 139288K, reserved 1169408K
  class space    used 16919K, capacity 18348K, committed 18456K, reserved 1048576K
}
Event: 1030.264 GC heap after
{Heap after GC invocations=65 (full 0):
 garbage-first heap   total 236544K, used 190669K [0x0000000080000000, 0x0000000100000000)
  region size 1024K, 3 young (3072K), 3 survivors (3072K)
 Metaspace       used 135043K, capacity 138928K, committed 139288K, reserved 1169408K
  class space    used 16919K, capacity 18348K, committed 18456K, reserved 1048576K
}
Event: 1030.310 GC heap before
{Heap before GC invocations=65 (full 0):
 garbage-first heap   total 236544K, used 205005K [0x0000000080000000, 0x0000000100000000)
  region size 1024K, 17 young (17408K), 3 survivors (3072K)
 Metaspace       used 135057K, capacity 138930K, committed 139288K, reserved 1169408K
  class space    used 16919K, capacity 18348K, committed 18456K, reserved 1048576K
}
Event: 1030.318 GC heap after
{Heap after GC invocations=66 (full 0):
 garbage-first heap   total 236544K, used 192133K [0x0000000080000000, 0x0000000100000000)
  region size 1024K, 3 young (3072K), 3 survivors (3072K)
 Metaspace       used 135057K, capacity 138930K, committed 139288K, reserved 1169408K
  class space    used 16919K, capacity 18348K, committed 18456K, reserved 1048576K
}
Event: 1030.398 GC heap before
{Heap before GC invocations=66 (full 0):
 garbage-first heap   total 236544K, used 205445K [0x0000000080000000, 0x0000000100000000)
  region size 1024K, 16 young (16384K), 3 survivors (3072K)
 Metaspace       used 135074K, capacity 138998K, committed 139288K, reserved 1169408K
  class space    used 16919K, capacity 18348K, committed 18456K, reserved 1048576K
}
Event: 1030.404 GC heap after
{Heap after GC invocations=67 (full 0):
 garbage-first heap   total 236544K, used 193346K [0x0000000080000000, 0x0000000100000000)
  region size 1024K, 2 young (2048K), 2 survivors (2048K)
 Metaspace       used 135074K, capacity 138998K, committed 139288K, reserved 1169408K
  class space    used 16919K, capacity 18348K, committed 18456K, reserved 1048576K
}
Event: 1030.553 GC heap before
{Heap before GC invocations=67 (full 0):
 garbage-first heap   total 236544K, used 204610K [0x0000000080000000, 0x0000000100000000)
  region size 1024K, 14 young (14336K), 2 survivors (2048K)
 Metaspace       used 135146K, capacity 139096K, committed 139288K, reserved 1169408K
  class space    used 16924K, capacity 18380K, committed 18456K, reserved 1048576K
}
Event: 1030.560 GC heap after
{Heap after GC invocations=68 (full 0):
 garbage-first heap   total 236544K, used 194328K [0x0000000080000000, 0x0000000100000000)
  region size 1024K, 2 young (2048K), 2 survivors (2048K)
 Metaspace       used 135146K, capacity 139096K, committed 139288K, reserved 1169408K
  class space    used 16924K, capacity 18380K, committed 18456K, reserved 1048576K
}
Event: 1030.688 GC heap before
{Heap before GC invocations=68 (full 0):
 garbage-first heap   total 236544K, used 205592K [0x0000000080000000, 0x0000000100000000)
  region size 1024K, 13 young (13312K), 2 survivors (2048K)
 Metaspace       used 135149K, capacity 139096K, committed 139288K, reserved 1169408K
  class space    used 16924K, capacity 18380K, committed 18456K, reserved 1048576K
}
Event: 1030.699 GC heap after
{Heap after GC invocations=69 (full 0):
 garbage-first heap   total 284672K, used 195780K [0x0000000080000000, 0x0000000100000000)
  region size 1024K, 2 young (2048K), 2 survivors (2048K)
 Metaspace       used 135149K, capacity 139096K, committed 139288K, reserved 1169408K
  class space    used 16924K, capacity 18380K, committed 18456K, reserved 1048576K
}
Event: 1031.392 GC heap before
{Heap before GC invocations=69 (full 0):
 garbage-first heap   total 284672K, used 226500K [0x0000000080000000, 0x0000000100000000)
  region size 1024K, 34 young (34816K), 2 survivors (2048K)
 Metaspace       used 135289K, capacity 139176K, committed 139544K, reserved 1171456K
  class space    used 16896K, capacity 18330K, committed 18456K, reserved 1048576K
}
Event: 1031.404 GC heap after
{Heap after GC invocations=70 (full 0):
 garbage-first heap   total 284672K, used 197490K [0x0000000080000000, 0x0000000100000000)
  region size 1024K, 5 young (5120K), 5 survivors (5120K)
 Metaspace       used 135289K, capacity 139176K, committed 139544K, reserved 1171456K
  class space    used 16896K, capacity 18330K, committed 18456K, reserved 1048576K
}
Event: 1031.602 GC heap before
{Heap before GC invocations=71 (full 0):
 garbage-first heap   total 284672K, used 229234K [0x0000000080000000, 0x0000000100000000)
  region size 1024K, 37 young (37888K), 5 survivors (5120K)
 Metaspace       used 135312K, capacity 139179K, committed 139544K, reserved 1171456K
  class space    used 16896K, capacity 18330K, committed 18456K, reserved 1048576K
}
Event: 1031.620 GC heap after
{Heap after GC invocations=72 (full 0):
 garbage-first heap   total 284672K, used 202192K [0x0000000080000000, 0x0000000100000000)
  region size 1024K, 5 young (5120K), 5 survivors (5120K)
 Metaspace       used 135312K, capacity 139179K, committed 139544K, reserved 1171456K
  class space    used 16896K, capacity 18330K, committed 18456K, reserved 1048576K
}
Event: 1031.670 GC heap before
{Heap before GC invocations=72 (full 0):
 garbage-first heap   total 284672K, used 210384K [0x0000000080000000, 0x0000000100000000)
  region size 1024K, 13 young (13312K), 5 survivors (5120K)
 Metaspace       used 135313K, capacity 139179K, committed 139544K, reserved 1171456K
  class space    used 16896K, capacity 18330K, committed 18456K, reserved 1048576K
}
Event: 1031.715 GC heap after
{Heap after GC invocations=73 (full 0):
 garbage-first heap   total 284672K, used 186224K [0x0000000080000000, 0x0000000100000000)
  region size 1024K, 2 young (2048K), 2 survivors (2048K)
 Metaspace       used 135313K, capacity 139179K, committed 139544K, reserved 1171456K
  class space    used 16896K, capacity 18330K, committed 18456K, reserved 1048576K
}
Event: 1031.761 GC heap before
{Heap before GC invocations=73 (full 0):
 garbage-first heap   total 284672K, used 197488K [0x0000000080000000, 0x0000000100000000)
  region size 1024K, 13 young (13312K), 2 survivors (2048K)
 Metaspace       used 135324K, capacity 139245K, committed 139544K, reserved 1171456K
  class space    used 16896K, capacity 18330K, committed 18456K, reserved 1048576K
}

