# JRE version: OpenJDK Runtime Environment (11.0.10) (build 11.0.10+0-b96-7249189)
# Java VM: OpenJDK 64-Bit Server VM (11.0.10+0-b96-7249189, mixed mode, tiered, compressed oops, g1 gc, windows-amd64)
Heap:
 garbage-first heap   total 440320K, used 196724K [0x0000000080000000, 0x0000000100000000)
  region size 1024K, 5 young (5120K), 5 survivors (5120K)
 Metaspace       used 117118K, capacity 120552K, committed 120728K, reserved 1153024K
  class space    used 14959K, capacity 16267K, committed 16332K, reserved 1048576K
GC Heap History (20 events):
Event: 44.481 GC heap after
{Heap after GC invocations=45 (full 0):
 garbage-first heap   total 284672K, used 181177K [0x0000000080000000, 0x0000000100000000)
  region size 1024K, 3 young (3072K), 3 survivors (3072K)
 Metaspace       used 116087K, capacity 119499K, committed 119576K, reserved 1153024K
  class space    used 14840K, capacity 16131K, committed 16204K, reserved 1048576K
}
Event: 44.999 GC heap before
{Heap before GC invocations=45 (full 0):
 garbage-first heap   total 284672K, used 247737K [0x0000000080000000, 0x0000000100000000)
  region size 1024K, 68 young (69632K), 3 survivors (3072K)
 Metaspace       used 116979K, capacity 120429K, committed 120728K, reserved 1153024K
  class space    used 14938K, capacity 16250K, committed 16332K, reserved 1048576K
}
Event: 45.007 GC heap after
{Heap after GC invocations=46 (full 0):
 garbage-first heap   total 284672K, used 182416K [0x0000000080000000, 0x0000000100000000)
  region size 1024K, 4 young (4096K), 4 survivors (4096K)
 Metaspace       used 116979K, capacity 120429K, committed 120728K, reserved 1153024K
  class space    used 14938K, capacity 16250K, committed 16332K, reserved 1048576K
}
Event: 45.281 GC heap before
{Heap before GC invocations=46 (full 0):
 garbage-first heap   total 284672K, used 247952K [0x0000000080000000, 0x0000000100000000)
  region size 1024K, 68 young (69632K), 4 survivors (4096K)
 Metaspace       used 117059K, capacity 120479K, committed 120728K, reserved 1153024K
  class space    used 14957K, capacity 16266K, committed 16332K, reserved 1048576K
}
Event: 45.293 GC heap after
{Heap after GC invocations=47 (full 0):
 garbage-first heap   total 284672K, used 181360K [0x0000000080000000, 0x0000000100000000)
  region size 1024K, 3 young (3072K), 3 survivors (3072K)
 Metaspace       used 117059K, capacity 120479K, committed 120728K, reserved 1153024K
  class space    used 14957K, capacity 16266K, committed 16332K, reserved 1048576K
}
Event: 45.593 GC heap before
{Heap before GC invocations=47 (full 0):
 garbage-first heap   total 284672K, used 246896K [0x0000000080000000, 0x0000000100000000)
  region size 1024K, 68 young (69632K), 3 survivors (3072K)
 Metaspace       used 117066K, capacity 120479K, committed 120728K, reserved 1153024K
  class space    used 14958K, capacity 16266K, committed 16332K, reserved 1048576K
}
Event: 45.606 GC heap after
{Heap after GC invocations=48 (full 0):
 garbage-first heap   total 284672K, used 188458K [0x0000000080000000, 0x0000000100000000)
  region size 1024K, 9 young (9216K), 9 survivors (9216K)
 Metaspace       used 117066K, capacity 120479K, committed 120728K, reserved 1153024K
  class space    used 14958K, capacity 16266K, committed 16332K, reserved 1048576K
}
Event: 45.868 GC heap before
{Heap before GC invocations=48 (full 0):
 garbage-first heap   total 284672K, used 243754K [0x0000000080000000, 0x0000000100000000)
  region size 1024K, 64 young (65536K), 9 survivors (9216K)
 Metaspace       used 117072K, capacity 120481K, committed 120728K, reserved 1153024K
  class space    used 14958K, capacity 16266K, committed 16332K, reserved 1048576K
}
Event: 45.893 GC heap after
{Heap after GC invocations=49 (full 0):
 garbage-first heap   total 342016K, used 192127K [0x0000000080000000, 0x0000000100000000)
  region size 1024K, 6 young (6144K), 6 survivors (6144K)
 Metaspace       used 117072K, capacity 120481K, committed 120728K, reserved 1153024K
  class space    used 14958K, capacity 16266K, committed 16332K, reserved 1048576K
}
Event: 46.262 GC heap before
{Heap before GC invocations=49 (full 0):
 garbage-first heap   total 342016K, used 275071K [0x0000000080000000, 0x0000000100000000)
  region size 1024K, 87 young (89088K), 6 survivors (6144K)
 Metaspace       used 117075K, capacity 120481K, committed 120728K, reserved 1153024K
  class space    used 14958K, capacity 16266K, committed 16332K, reserved 1048576K
}
Event: 46.275 GC heap after
{Heap after GC invocations=50 (full 0):
 garbage-first heap   total 342016K, used 194583K [0x0000000080000000, 0x0000000100000000)
  region size 1024K, 3 young (3072K), 3 survivors (3072K)
 Metaspace       used 117075K, capacity 120481K, committed 120728K, reserved 1153024K
  class space    used 14958K, capacity 16266K, committed 16332K, reserved 1048576K
}
Event: 46.609 GC heap before
{Heap before GC invocations=50 (full 0):
 garbage-first heap   total 342016K, used 278551K [0x0000000080000000, 0x0000000100000000)
  region size 1024K, 85 young (87040K), 3 survivors (3072K)
 Metaspace       used 117086K, capacity 120486K, committed 120728K, reserved 1153024K
  class space    used 14959K, capacity 16267K, committed 16332K, reserved 1048576K
}
Event: 46.616 GC heap after
{Heap after GC invocations=51 (full 0):
 garbage-first heap   total 342016K, used 194974K [0x0000000080000000, 0x0000000100000000)
  region size 1024K, 3 young (3072K), 3 survivors (3072K)
 Metaspace       used 117086K, capacity 120486K, committed 120728K, reserved 1153024K
  class space    used 14959K, capacity 16267K, committed 16332K, reserved 1048576K
}
Event: 46.947 GC heap before
{Heap before GC invocations=51 (full 0):
 garbage-first heap   total 342016K, used 282014K [0x0000000080000000, 0x0000000100000000)
  region size 1024K, 88 young (90112K), 3 survivors (3072K)
 Metaspace       used 117097K, capacity 120550K, committed 120728K, reserved 1153024K
  class space    used 14959K, capacity 16267K, committed 16332K, reserved 1048576K
}
Event: 46.958 GC heap after
{Heap after GC invocations=52 (full 0):
 garbage-first heap   total 342016K, used 195994K [0x0000000080000000, 0x0000000100000000)
  region size 1024K, 4 young (4096K), 4 survivors (4096K)
 Metaspace       used 117097K, capacity 120550K, committed 120728K, reserved 1153024K
  class space    used 14959K, capacity 16267K, committed 16332K, reserved 1048576K
}
Event: 47.276 GC heap before
{Heap before GC invocations=52 (full 0):
 garbage-first heap   total 342016K, used 284058K [0x0000000080000000, 0x0000000100000000)
  region size 1024K, 90 young (92160K), 4 survivors (4096K)
 Metaspace       used 117107K, capacity 120552K, committed 120728K, reserved 1153024K
  class space    used 14959K, capacity 16267K, committed 16332K, reserved 1048576K
}
Event: 47.284 GC heap after
{Heap after GC invocations=53 (full 0):
 garbage-first heap   total 342016K, used 195694K [0x0000000080000000, 0x0000000100000000)
  region size 1024K, 4 young (4096K), 4 survivors (4096K)
 Metaspace       used 117107K, capacity 120552K, committed 120728K, reserved 1153024K
  class space    used 14959K, capacity 16267K, committed 16332K, reserved 1048576K
}
Event: 47.609 GC heap before
{Heap before GC invocations=53 (full 0):
 garbage-first heap   total 342016K, used 285806K [0x0000000080000000, 0x0000000100000000)
  region size 1024K, 92 young (94208K), 4 survivors (4096K)
 Metaspace       used 117114K, capacity 120552K, committed 120728K, reserved 1153024K
  class space    used 14959K, capacity 16267K, committed 16332K, reserved 1048576K
}
Event: 47.618 GC heap after
{Heap after GC invocations=54 (full 0):
 garbage-first heap   total 342016K, used 195859K [0x0000000080000000, 0x0000000100000000)
  region size 1024K, 4 young (4096K), 4 survivors (4096K)
 Metaspace       used 117114K, capacity 120552K, committed 120728K, reserved 1153024K
  class space    used 14959K, capacity 16267K, committed 16332K, reserved 1048576K
}
Event: 47.958 GC heap before
{Heap before GC invocations=54 (full 0):
 garbage-first heap   total 342016K, used 289043K [0x0000000080000000, 0x0000000100000000)
  region size 1024K, 95 young (97280K), 4 survivors (4096K)
 Metaspace       used 117118K, capacity 120552K, committed 120728K, reserved 1153024K
  class space    used 14959K, capacity 16267K, committed 16332K, reserved 1048576K
}

