# JRE version: OpenJDK Runtime Environment (11.0.10) (build 11.0.10+0-b96-7249189)
# Java VM: OpenJDK 64-Bit Server VM (11.0.10+0-b96-7249189, mixed mode, tiered, compressed oops, g1 gc, windows-amd64)
Heap:
 garbage-first heap   total 410624K, used 175821K [0x0000000080000000, 0x0000000100000000)
  region size 1024K, 10 young (10240K), 10 survivors (10240K)
 Metaspace       used 111731K, capacity 114569K, committed 114764K, reserved 1148928K
  class space    used 14000K, capacity 15128K, committed 15180K, reserved 1048576K
GC Heap History (20 events):
Event: 44.413 GC heap after
{Heap after GC invocations=40 (full 0):
 garbage-first heap   total 342016K, used 166292K [0x0000000080000000, 0x0000000100000000)
  region size 1024K, 3 young (3072K), 3 survivors (3072K)
 Metaspace       used 110716K, capacity 113485K, committed 113612K, reserved 1148928K
  class space    used 13910K, capacity 15029K, committed 15052K, reserved 1048576K
}
Event: 45.439 GC heap before
{Heap before GC invocations=41 (full 0):
 garbage-first heap   total 342016K, used 273812K [0x0000000080000000, 0x0000000100000000)
  region size 1024K, 108 young (110592K), 3 survivors (3072K)
 Metaspace       used 110727K, capacity 113549K, committed 113612K, reserved 1148928K
  class space    used 13911K, capacity 15029K, committed 15052K, reserved 1048576K
}
Event: 45.448 GC heap after
{Heap after GC invocations=42 (full 0):
 garbage-first heap   total 342016K, used 165980K [0x0000000080000000, 0x0000000100000000)
  region size 1024K, 2 young (2048K), 2 survivors (2048K)
 Metaspace       used 110727K, capacity 113549K, committed 113612K, reserved 1148928K
  class space    used 13911K, capacity 15029K, committed 15052K, reserved 1048576K
}
Event: 45.527 GC heap before
{Heap before GC invocations=42 (full 0):
 garbage-first heap   total 342016K, used 180316K [0x0000000080000000, 0x0000000100000000)
  region size 1024K, 16 young (16384K), 2 survivors (2048K)
 Metaspace       used 110728K, capacity 113550K, committed 113612K, reserved 1148928K
  class space    used 13911K, capacity 15029K, committed 15052K, reserved 1048576K
}
Event: 45.542 GC heap after
{Heap after GC invocations=43 (full 0):
 garbage-first heap   total 342016K, used 159341K [0x0000000080000000, 0x0000000100000000)
  region size 1024K, 2 young (2048K), 2 survivors (2048K)
 Metaspace       used 110728K, capacity 113550K, committed 113612K, reserved 1148928K
  class space    used 13911K, capacity 15029K, committed 15052K, reserved 1048576K
}
Event: 46.095 GC heap before
{Heap before GC invocations=43 (full 0):
 garbage-first heap   total 342016K, used 281197K [0x0000000080000000, 0x0000000100000000)
  region size 1024K, 121 young (123904K), 2 survivors (2048K)
 Metaspace       used 110773K, capacity 113556K, committed 113612K, reserved 1148928K
  class space    used 13911K, capacity 15029K, committed 15052K, reserved 1048576K
}
Event: 46.104 GC heap after
{Heap after GC invocations=44 (full 0):
 garbage-first heap   total 342016K, used 160414K [0x0000000080000000, 0x0000000100000000)
  region size 1024K, 3 young (3072K), 3 survivors (3072K)
 Metaspace       used 110773K, capacity 113556K, committed 113612K, reserved 1148928K
  class space    used 13911K, capacity 15029K, committed 15052K, reserved 1048576K
}
Event: 46.618 GC heap before
{Heap before GC invocations=44 (full 0):
 garbage-first heap   total 342016K, used 285342K [0x0000000080000000, 0x0000000100000000)
  region size 1024K, 125 young (128000K), 3 survivors (3072K)
 Metaspace       used 110811K, capacity 113623K, committed 113868K, reserved 1148928K
  class space    used 13917K, capacity 15029K, committed 15052K, reserved 1048576K
}
Event: 46.627 GC heap after
{Heap after GC invocations=45 (full 0):
 garbage-first heap   total 342016K, used 161379K [0x0000000080000000, 0x0000000100000000)
  region size 1024K, 4 young (4096K), 4 survivors (4096K)
 Metaspace       used 110811K, capacity 113623K, committed 113868K, reserved 1148928K
  class space    used 13917K, capacity 15029K, committed 15052K, reserved 1048576K
}
Event: 47.149 GC heap before
{Heap before GC invocations=45 (full 0):
 garbage-first heap   total 342016K, used 289379K [0x0000000080000000, 0x0000000100000000)
  region size 1024K, 129 young (132096K), 4 survivors (4096K)
 Metaspace       used 110823K, capacity 113626K, committed 113868K, reserved 1148928K
  class space    used 13917K, capacity 15029K, committed 15052K, reserved 1048576K
}
Event: 47.158 GC heap after
{Heap after GC invocations=46 (full 0):
 garbage-first heap   total 342016K, used 161880K [0x0000000080000000, 0x0000000100000000)
  region size 1024K, 4 young (4096K), 4 survivors (4096K)
 Metaspace       used 110823K, capacity 113626K, committed 113868K, reserved 1148928K
  class space    used 13917K, capacity 15029K, committed 15052K, reserved 1048576K
}
Event: 47.834 GC heap before
{Heap before GC invocations=46 (full 0):
 garbage-first heap   total 342016K, used 290904K [0x0000000080000000, 0x0000000100000000)
  region size 1024K, 131 young (134144K), 4 survivors (4096K)
 Metaspace       used 111325K, capacity 114141K, committed 114252K, reserved 1148928K
  class space    used 13970K, capacity 15094K, committed 15180K, reserved 1048576K
}
Event: 47.848 GC heap after
{Heap after GC invocations=47 (full 0):
 garbage-first heap   total 342016K, used 164778K [0x0000000080000000, 0x0000000100000000)
  region size 1024K, 7 young (7168K), 7 survivors (7168K)
 Metaspace       used 111325K, capacity 114141K, committed 114252K, reserved 1148928K
  class space    used 13970K, capacity 15094K, committed 15180K, reserved 1048576K
}
Event: 48.360 GC heap before
{Heap before GC invocations=47 (full 0):
 garbage-first heap   total 342016K, used 292778K [0x0000000080000000, 0x0000000100000000)
  region size 1024K, 132 young (135168K), 7 survivors (7168K)
 Metaspace       used 111390K, capacity 114206K, committed 114508K, reserved 1148928K
  class space    used 13979K, capacity 15094K, committed 15180K, reserved 1048576K
}
Event: 48.380 GC heap after
{Heap after GC invocations=48 (full 0):
 garbage-first heap   total 342016K, used 166127K [0x0000000080000000, 0x0000000100000000)
  region size 1024K, 8 young (8192K), 8 survivors (8192K)
 Metaspace       used 111390K, capacity 114206K, committed 114508K, reserved 1148928K
  class space    used 13979K, capacity 15094K, committed 15180K, reserved 1048576K
}
Event: 48.972 GC heap before
{Heap before GC invocations=48 (full 0):
 garbage-first heap   total 342016K, used 293103K [0x0000000080000000, 0x0000000100000000)
  region size 1024K, 133 young (136192K), 8 survivors (8192K)
 Metaspace       used 111694K, capacity 114497K, committed 114764K, reserved 1148928K
  class space    used 13999K, capacity 15127K, committed 15180K, reserved 1048576K
}
Event: 48.993 GC heap after
{Heap after GC invocations=49 (full 0):
 garbage-first heap   total 342016K, used 166666K [0x0000000080000000, 0x0000000100000000)
  region size 1024K, 9 young (9216K), 9 survivors (9216K)
 Metaspace       used 111694K, capacity 114497K, committed 114764K, reserved 1148928K
  class space    used 13999K, capacity 15127K, committed 15180K, reserved 1048576K
}
Event: 49.596 GC heap before
{Heap before GC invocations=49 (full 0):
 garbage-first heap   total 342016K, used 295690K [0x0000000080000000, 0x0000000100000000)
  region size 1024K, 135 young (138240K), 9 survivors (9216K)
 Metaspace       used 111716K, capacity 114568K, committed 114764K, reserved 1148928K
  class space    used 14000K, capacity 15128K, committed 15180K, reserved 1048576K
}
Event: 49.624 GC heap after
{Heap after GC invocations=50 (full 0):
 garbage-first heap   total 342016K, used 174513K [0x0000000080000000, 0x0000000100000000)
  region size 1024K, 16 young (16384K), 16 survivors (16384K)
 Metaspace       used 111716K, capacity 114568K, committed 114764K, reserved 1148928K
  class space    used 14000K, capacity 15128K, committed 15180K, reserved 1048576K
}
Event: 50.092 GC heap before
{Heap before GC invocations=50 (full 0):
 garbage-first heap   total 342016K, used 290225K [0x0000000080000000, 0x0000000100000000)
  region size 1024K, 129 young (132096K), 16 survivors (16384K)
 Metaspace       used 111731K, capacity 114569K, committed 114764K, reserved 1148928K
  class space    used 14000K, capacity 15128K, committed 15180K, reserved 1048576K
}

